<?xml version="1.0" encoding="UTF-8"?>
<!-- Generated by org.testng.reporters.JUnitXMLReporter -->
<testsuite ignored="0" hostname="DESKTOP-BT0EE7G" failures="0" tests="36" name="Default test" time="167.997" errors="0" timestamp="2024-06-04T17:45:56 IST">
  <testcase classname="api.test.UserTests3" name="testPostpassword" time="11.973"/>
  <testcase classname="api.test.UserTests3" name="testPostpassword" time="4.71"/>
  <testcase classname="api.test.UserTests3" name="testPostpassword" time="4.91"/>
  <testcase classname="api.test.UserTests3" name="testPostpassword" time="3.72"/>
  <testcase classname="api.test.UserTests3" name="testPostpassword" time="4.246"/>
  <testcase classname="api.test.UserTests3" name="testPostpassword" time="4.009"/>
  <testcase classname="api.test.UserTests3" name="testPostpassword" time="4.584"/>
  <testcase classname="api.test.UserTests3" name="testPostpassword" time="3.675"/>
  <testcase classname="api.test.UserTests3" name="testPostpassword" time="4.896"/>
  <testcase classname="api.test.UserTests3" name="testPostpassword" time="4.287"/>
  <testcase classname="api.test.UserTests3" name="testPostpassword" time="4.294"/>
  <testcase classname="api.test.UserTests3" name="testPostpassword" time="4.296"/>
  <testcase classname="api.test.UserTests3" name="testPostpassword" time="4.296"/>
  <testcase classname="api.test.UserTests3" name="testPostpassword" time="4.776"/>
  <testcase classname="api.test.UserTests3" name="testPostpassword" time="5.043"/>
  <testcase classname="api.test.UserTests3" name="testPostpassword" time="4.915"/>
  <testcase classname="api.test.UserTests3" name="testPostpassword" time="4.295"/>
  <testcase classname="api.test.UserTests3" name="testPostpassword" time="4.909"/>
  <testcase classname="api.test.UserTests3" name="testresetpassword" time="4.296"/>
  <testcase classname="api.test.UserTests3" name="testresetpassword" time="4.298"/>
  <testcase classname="api.test.UserTests3" name="testresetpassword" time="4.873"/>
  <testcase classname="api.test.UserTests3" name="testresetpassword" time="4.333"/>
  <testcase classname="api.test.UserTests3" name="testresetpassword" time="4.298"/>
  <testcase classname="api.test.UserTests3" name="testresetpassword" time="4.913"/>
  <testcase classname="api.test.UserTests3" name="testresetpassword" time="4.298"/>
  <testcase classname="api.test.UserTests3" name="testresetpassword" time="4.913"/>
  <testcase classname="api.test.UserTests3" name="testresetpassword" time="4.219"/>
  <testcase classname="api.test.UserTests3" name="testresetpassword" time="3.567"/>
  <testcase classname="api.test.UserTests3" name="testresetpassword" time="4.496"/>
  <testcase classname="api.test.UserTests3" name="testresetpassword" time="4.907"/>
  <testcase classname="api.test.UserTests3" name="testresetpassword" time="4.172"/>
  <testcase classname="api.test.UserTests3" name="testresetpassword" time="5.039"/>
  <testcase classname="api.test.UserTests3" name="testresetpassword" time="3.585"/>
  <testcase classname="api.test.UserTests3" name="testresetpassword" time="4.398"/>
  <testcase classname="api.test.UserTests3" name="testresetpassword" time="4.294"/>
  <testcase classname="api.test.UserTests3" name="testresetpassword" time="3.694"/>
</testsuite> <!-- Default test -->
