<?xml version="1.0" encoding="UTF-8"?>
<!-- Generated by org.testng.reporters.JUnitXMLReporter -->
<testsuite ignored="0" hostname="DESKTOP-BT0EE7G" failures="0" tests="108" name="Test" time="527.336" errors="0" timestamp="2024-06-04T15:36:20 IST">
  <testcase classname="api.test.UserTests" name="testUpdatePassword" time="10.248"/>
  <testcase classname="api.test.UserTests" name="testUpdatePassword" time="5.606"/>
  <testcase classname="api.test.UserTests" name="testUpdatePassword" time="5.333"/>
  <testcase classname="api.test.UserTests" name="testUpdatePassword" time="4.913"/>
  <testcase classname="api.test.UserTests" name="testUpdatePassword" time="4.262"/>
  <testcase classname="api.test.UserTests" name="testUpdatePassword" time="4.937"/>
  <testcase classname="api.test.UserTests" name="testUpdatePassword" time="5.112"/>
  <testcase classname="api.test.UserTests" name="testUpdatePassword" time="4.411"/>
  <testcase classname="api.test.UserTests" name="testUpdatePassword" time="4.595"/>
  <testcase classname="api.test.UserTests" name="testUpdatePassword" time="5.534"/>
  <testcase classname="api.test.UserTests" name="testUpdatePassword" time="4.977"/>
  <testcase classname="api.test.UserTests" name="testUpdatePassword" time="4.846"/>
  <testcase classname="api.test.UserTests" name="testUpdatePassword" time="5.557"/>
  <testcase classname="api.test.UserTests" name="testUpdatePassword" time="3.547"/>
  <testcase classname="api.test.UserTests" name="testUpdatePassword" time="4.22"/>
  <testcase classname="api.test.UserTests" name="testUpdatePassword" time="5.717"/>
  <testcase classname="api.test.UserTests" name="testUpdatePassword" time="3.958"/>
  <testcase classname="api.test.UserTests" name="testUpdatePassword" time="3.607"/>
  <testcase classname="api.test.UserTests" name="testuserchangepassword" time="3.354"/>
  <testcase classname="api.test.UserTests" name="testuserchangepassword" time="3.826"/>
  <testcase classname="api.test.UserTests" name="testuserchangepassword" time="3.784"/>
  <testcase classname="api.test.UserTests" name="testuserchangepassword" time="3.388"/>
  <testcase classname="api.test.UserTests" name="testuserchangepassword" time="3.281"/>
  <testcase classname="api.test.UserTests" name="testuserchangepassword" time="4.266"/>
  <testcase classname="api.test.UserTests" name="testuserchangepassword" time="15.953"/>
  <testcase classname="api.test.UserTests" name="testuserchangepassword" time="3.544"/>
  <testcase classname="api.test.UserTests" name="testuserchangepassword" time="3.846"/>
  <testcase classname="api.test.UserTests" name="testuserchangepassword" time="3.698"/>
  <testcase classname="api.test.UserTests" name="testuserchangepassword" time="3.663"/>
  <testcase classname="api.test.UserTests" name="testuserchangepassword" time="4.911"/>
  <testcase classname="api.test.UserTests" name="testuserchangepassword" time="4.3"/>
  <testcase classname="api.test.UserTests" name="testuserchangepassword" time="4.297"/>
  <testcase classname="api.test.UserTests" name="testuserchangepassword" time="4.297"/>
  <testcase classname="api.test.UserTests" name="testuserchangepassword" time="4.296"/>
  <testcase classname="api.test.UserTests" name="testuserchangepassword" time="4.307"/>
  <testcase classname="api.test.UserTests" name="testuserchangepassword" time="3.676"/>
  <testcase classname="api.test.UserTests3" name="testPostpassword" time="4.644"/>
  <testcase classname="api.test.UserTests3" name="testPostpassword" time="4.294"/>
  <testcase classname="api.test.UserTests3" name="testPostpassword" time="4.302"/>
  <testcase classname="api.test.UserTests3" name="testPostpassword" time="4.911"/>
  <testcase classname="api.test.UserTests3" name="testPostpassword" time="4.918"/>
  <testcase classname="api.test.UserTests3" name="testPostpassword" time="3.984"/>
  <testcase classname="api.test.UserTests3" name="testPostpassword" time="5.228"/>
  <testcase classname="api.test.UserTests3" name="testPostpassword" time="4.29"/>
  <testcase classname="api.test.UserTests3" name="testPostpassword" time="4.005"/>
  <testcase classname="api.test.UserTests3" name="testPostpassword" time="4.589"/>
  <testcase classname="api.test.UserTests3" name="testPostpassword" time="4.299"/>
  <testcase classname="api.test.UserTests3" name="testPostpassword" time="4.269"/>
  <testcase classname="api.test.UserTests3" name="testPostpassword" time="4.943"/>
  <testcase classname="api.test.UserTests3" name="testPostpassword" time="4.913"/>
  <testcase classname="api.test.UserTests3" name="testPostpassword" time="3.691"/>
  <testcase classname="api.test.UserTests3" name="testPostpassword" time="3.679"/>
  <testcase classname="api.test.UserTests3" name="testPostpassword" time="4.911"/>
  <testcase classname="api.test.UserTests3" name="testPostpassword" time="4.732"/>
  <testcase classname="api.test.UserTests3" name="testresetpassword" time="5.29"/>
  <testcase classname="api.test.UserTests3" name="testresetpassword" time="4.717"/>
  <testcase classname="api.test.UserTests3" name="testresetpassword" time="4.912"/>
  <testcase classname="api.test.UserTests3" name="testresetpassword" time="4.917"/>
  <testcase classname="api.test.UserTests3" name="testresetpassword" time="4.295"/>
  <testcase classname="api.test.UserTests3" name="testresetpassword" time="4.916"/>
  <testcase classname="api.test.UserTests3" name="testresetpassword" time="4.118"/>
  <testcase classname="api.test.UserTests3" name="testresetpassword" time="3.895"/>
  <testcase classname="api.test.UserTests3" name="testresetpassword" time="6.73"/>
  <testcase classname="api.test.UserTests3" name="testresetpassword" time="3.996"/>
  <testcase classname="api.test.UserTests3" name="testresetpassword" time="5.852"/>
  <testcase classname="api.test.UserTests3" name="testresetpassword" time="5.555"/>
  <testcase classname="api.test.UserTests3" name="testresetpassword" time="4.878"/>
  <testcase classname="api.test.UserTests3" name="testresetpassword" time="6.256"/>
  <testcase classname="api.test.UserTests3" name="testresetpassword" time="5.33"/>
  <testcase classname="api.test.UserTests3" name="testresetpassword" time="4.967"/>
  <testcase classname="api.test.UserTests3" name="testresetpassword" time="4.305"/>
  <testcase classname="api.test.UserTests3" name="testresetpassword" time="4.902"/>
  <testcase classname="api.test.UserTests2" name="testPostpassword" time="6.207"/>
  <testcase classname="api.test.UserTests2" name="testPostpassword" time="8.687"/>
  <testcase classname="api.test.UserTests2" name="testPostpassword" time="6.456"/>
  <testcase classname="api.test.UserTests2" name="testPostpassword" time="9.714"/>
  <testcase classname="api.test.UserTests2" name="testPostpassword" time="6.222"/>
  <testcase classname="api.test.UserTests2" name="testPostpassword" time="12.453"/>
  <testcase classname="api.test.UserTests2" name="testPostpassword" time="21.608"/>
  <testcase classname="api.test.UserTests2" name="testPostpassword" time="2.831"/>
  <testcase classname="api.test.UserTests2" name="testPostpassword" time="4.239"/>
  <testcase classname="api.test.UserTests2" name="testPostpassword" time="3.487"/>
  <testcase classname="api.test.UserTests2" name="testPostpassword" time="3.478"/>
  <testcase classname="api.test.UserTests2" name="testPostpassword" time="3.339"/>
  <testcase classname="api.test.UserTests2" name="testPostpassword" time="3.823"/>
  <testcase classname="api.test.UserTests2" name="testPostpassword" time="3.48"/>
  <testcase classname="api.test.UserTests2" name="testPostpassword" time="4.615"/>
  <testcase classname="api.test.UserTests2" name="testPostpassword" time="4.394"/>
  <testcase classname="api.test.UserTests2" name="testPostpassword" time="4.305"/>
  <testcase classname="api.test.UserTests2" name="testPostpassword" time="3.584"/>
  <testcase classname="api.test.UserTests2" name="testresetpassword" time="4.596"/>
  <testcase classname="api.test.UserTests2" name="testresetpassword" time="3.275"/>
  <testcase classname="api.test.UserTests2" name="testresetpassword" time="3.889"/>
  <testcase classname="api.test.UserTests2" name="testresetpassword" time="3.707"/>
  <testcase classname="api.test.UserTests2" name="testresetpassword" time="4.479"/>
  <testcase classname="api.test.UserTests2" name="testresetpassword" time="4.506"/>
  <testcase classname="api.test.UserTests2" name="testresetpassword" time="3.786"/>
  <testcase classname="api.test.UserTests2" name="testresetpassword" time="3.582"/>
  <testcase classname="api.test.UserTests2" name="testresetpassword" time="3.685"/>
  <testcase classname="api.test.UserTests2" name="testresetpassword" time="3.479"/>
  <testcase classname="api.test.UserTests2" name="testresetpassword" time="3.889"/>
  <testcase classname="api.test.UserTests2" name="testresetpassword" time="3.682"/>
  <testcase classname="api.test.UserTests2" name="testresetpassword" time="3.986"/>
  <testcase classname="api.test.UserTests2" name="testresetpassword" time="3.793"/>
  <testcase classname="api.test.UserTests2" name="testresetpassword" time="3.288"/>
  <testcase classname="api.test.UserTests2" name="testresetpassword" time="3.672"/>
  <testcase classname="api.test.UserTests2" name="testresetpassword" time="3.11"/>
  <testcase classname="api.test.UserTests2" name="testresetpassword" time="3.439"/>
</testsuite> <!-- Test -->
