<?xml version="1.0" encoding="UTF-8"?>
<testng-results ignored="0" total="36" passed="36" failed="0" skipped="0">
  <reporter-output>
  </reporter-output>
  <suite started-at="2024-06-04T17:43:08 IST" name="Default suite" finished-at="2024-06-04T17:45:56 IST" duration-ms="167997">
    <groups>
    </groups>
    <test started-at="2024-06-04T17:43:08 IST" name="Default test" finished-at="2024-06-04T17:45:56 IST" duration-ms="167997">
      <class name="api.test.UserTests3">
        <test-method is-config="true" signature="setUp()[pri:0, instance:api.test.UserTests3@43a09ce2]" started-at="2024-06-04T17:43:08 IST" name="setUp" finished-at="2024-06-04T17:43:09 IST" duration-ms="671" status="PASS">
          <reporter-output>
          </reporter-output>
        </test-method> <!-- setUp -->
        <test-method signature="testPostpassword(java.lang.String)[pri:0, instance:api.test.UserTests3@43a09ce2]" started-at="2024-06-04T17:43:09 IST" name="testPostpassword" data-provider="empdateprovider" finished-at="2024-06-04T17:43:21 IST" duration-ms="11973" status="PASS">
          <params>
            <param index="0">
              <value>
                <![CDATA[https://exotel.uat.netrum-tech.com/api/v1]]>
              </value>
            </param>
          </params>
          <reporter-output>
          </reporter-output>
        </test-method> <!-- testPostpassword -->
        <test-method signature="testPostpassword(java.lang.String)[pri:0, instance:api.test.UserTests3@43a09ce2]" started-at="2024-06-04T17:43:21 IST" name="testPostpassword" data-provider="empdateprovider" finished-at="2024-06-04T17:43:26 IST" duration-ms="4710" status="PASS">
          <params>
            <param index="0">
              <value>
                <![CDATA[https://outsourcingbpo.uat.netrum-tech.com/api/v1]]>
              </value>
            </param>
          </params>
          <reporter-output>
          </reporter-output>
        </test-method> <!-- testPostpassword -->
        <test-method signature="testPostpassword(java.lang.String)[pri:0, instance:api.test.UserTests3@43a09ce2]" started-at="2024-06-04T17:43:26 IST" name="testPostpassword" data-provider="empdateprovider" finished-at="2024-06-04T17:43:31 IST" duration-ms="4910" status="PASS">
          <params>
            <param index="0">
              <value>
                <![CDATA[https://etek.uat.netrum-tech.com/api/v1]]>
              </value>
            </param>
          </params>
          <reporter-output>
          </reporter-output>
        </test-method> <!-- testPostpassword -->
        <test-method signature="testPostpassword(java.lang.String)[pri:0, instance:api.test.UserTests3@43a09ce2]" started-at="2024-06-04T17:43:31 IST" name="testPostpassword" data-provider="empdateprovider" finished-at="2024-06-04T17:43:34 IST" duration-ms="3720" status="PASS">
          <params>
            <param index="0">
              <value>
                <![CDATA[https://eteklab.uat.netrum-tech.com/api/v1]]>
              </value>
            </param>
          </params>
          <reporter-output>
          </reporter-output>
        </test-method> <!-- testPostpassword -->
        <test-method signature="testPostpassword(java.lang.String)[pri:0, instance:api.test.UserTests3@43a09ce2]" started-at="2024-06-04T17:43:34 IST" name="testPostpassword" data-provider="empdateprovider" finished-at="2024-06-04T17:43:39 IST" duration-ms="4246" status="PASS">
          <params>
            <param index="0">
              <value>
                <![CDATA[https://riopaila.uat.netrum-tech.com/api/v1]]>
              </value>
            </param>
          </params>
          <reporter-output>
          </reporter-output>
        </test-method> <!-- testPostpassword -->
        <test-method signature="testPostpassword(java.lang.String)[pri:0, instance:api.test.UserTests3@43a09ce2]" started-at="2024-06-04T17:43:39 IST" name="testPostpassword" data-provider="empdateprovider" finished-at="2024-06-04T17:43:43 IST" duration-ms="4009" status="PASS">
          <params>
            <param index="0">
              <value>
                <![CDATA[https://rockman.uat.netrum-tech.com/api/v1]]>
              </value>
            </param>
          </params>
          <reporter-output>
          </reporter-output>
        </test-method> <!-- testPostpassword -->
        <test-method signature="testPostpassword(java.lang.String)[pri:0, instance:api.test.UserTests3@43a09ce2]" started-at="2024-06-04T17:43:43 IST" name="testPostpassword" data-provider="empdateprovider" finished-at="2024-06-04T17:43:47 IST" duration-ms="4584" status="PASS">
          <params>
            <param index="0">
              <value>
                <![CDATA[https://netrum.uat.netrum-tech.com/api/v1]]>
              </value>
            </param>
          </params>
          <reporter-output>
          </reporter-output>
        </test-method> <!-- testPostpassword -->
        <test-method signature="testPostpassword(java.lang.String)[pri:0, instance:api.test.UserTests3@43a09ce2]" started-at="2024-06-04T17:43:47 IST" name="testPostpassword" data-provider="empdateprovider" finished-at="2024-06-04T17:43:51 IST" duration-ms="3675" status="PASS">
          <params>
            <param index="0">
              <value>
                <![CDATA[https://bancounion.uat.netrum-tech.com/api/v1]]>
              </value>
            </param>
          </params>
          <reporter-output>
          </reporter-output>
        </test-method> <!-- testPostpassword -->
        <test-method signature="testPostpassword(java.lang.String)[pri:0, instance:api.test.UserTests3@43a09ce2]" started-at="2024-06-04T17:43:51 IST" name="testPostpassword" data-provider="empdateprovider" finished-at="2024-06-04T17:43:56 IST" duration-ms="4896" status="PASS">
          <params>
            <param index="0">
              <value>
                <![CDATA[https://coasmedas.uat.netrum-tech.com/api/v1]]>
              </value>
            </param>
          </params>
          <reporter-output>
          </reporter-output>
        </test-method> <!-- testPostpassword -->
        <test-method signature="testPostpassword(java.lang.String)[pri:0, instance:api.test.UserTests3@43a09ce2]" started-at="2024-06-04T17:43:56 IST" name="testPostpassword" data-provider="empdateprovider" finished-at="2024-06-04T17:44:00 IST" duration-ms="4287" status="PASS">
          <params>
            <param index="0">
              <value>
                <![CDATA[https://gecelca.uat.netrum-tech.com/api/n1]]>
              </value>
            </param>
          </params>
          <reporter-output>
          </reporter-output>
        </test-method> <!-- testPostpassword -->
        <test-method signature="testPostpassword(java.lang.String)[pri:0, instance:api.test.UserTests3@43a09ce2]" started-at="2024-06-04T17:44:00 IST" name="testPostpassword" data-provider="empdateprovider" finished-at="2024-06-04T17:44:04 IST" duration-ms="4294" status="PASS">
          <params>
            <param index="0">
              <value>
                <![CDATA[https://segurosbolivar.uat.netrum-tech.com/api/v1]]>
              </value>
            </param>
          </params>
          <reporter-output>
          </reporter-output>
        </test-method> <!-- testPostpassword -->
        <test-method signature="testPostpassword(java.lang.String)[pri:0, instance:api.test.UserTests3@43a09ce2]" started-at="2024-06-04T17:44:04 IST" name="testPostpassword" data-provider="empdateprovider" finished-at="2024-06-04T17:44:09 IST" duration-ms="4296" status="PASS">
          <params>
            <param index="0">
              <value>
                <![CDATA[https://fanalca.uat.netrum-tech.com/api/v1]]>
              </value>
            </param>
          </params>
          <reporter-output>
          </reporter-output>
        </test-method> <!-- testPostpassword -->
        <test-method signature="testPostpassword(java.lang.String)[pri:0, instance:api.test.UserTests3@43a09ce2]" started-at="2024-06-04T17:44:09 IST" name="testPostpassword" data-provider="empdateprovider" finished-at="2024-06-04T17:44:13 IST" duration-ms="4296" status="PASS">
          <params>
            <param index="0">
              <value>
                <![CDATA[https://finesa.uat.netrum-tech.com/api/v1]]>
              </value>
            </param>
          </params>
          <reporter-output>
          </reporter-output>
        </test-method> <!-- testPostpassword -->
        <test-method signature="testPostpassword(java.lang.String)[pri:0, instance:api.test.UserTests3@43a09ce2]" started-at="2024-06-04T17:44:13 IST" name="testPostpassword" data-provider="empdateprovider" finished-at="2024-06-04T17:44:18 IST" duration-ms="4776" status="PASS">
          <params>
            <param index="0">
              <value>
                <![CDATA[https://coltefinanciera.uat.netrum-tech.com/api/v1]]>
              </value>
            </param>
          </params>
          <reporter-output>
          </reporter-output>
        </test-method> <!-- testPostpassword -->
        <test-method signature="testPostpassword(java.lang.String)[pri:0, instance:api.test.UserTests3@43a09ce2]" started-at="2024-06-04T17:44:18 IST" name="testPostpassword" data-provider="empdateprovider" finished-at="2024-06-04T17:44:23 IST" duration-ms="5043" status="PASS">
          <params>
            <param index="0">
              <value>
                <![CDATA[https://bnpparibas.uat.netrum-tech.com/api/v1]]>
              </value>
            </param>
          </params>
          <reporter-output>
          </reporter-output>
        </test-method> <!-- testPostpassword -->
        <test-method signature="testPostpassword(java.lang.String)[pri:0, instance:api.test.UserTests3@43a09ce2]" started-at="2024-06-04T17:44:23 IST" name="testPostpassword" data-provider="empdateprovider" finished-at="2024-06-04T17:44:28 IST" duration-ms="4915" status="PASS">
          <params>
            <param index="0">
              <value>
                <![CDATA[https://gentera.uat.netrum-tech.com/api/v1]]>
              </value>
            </param>
          </params>
          <reporter-output>
          </reporter-output>
        </test-method> <!-- testPostpassword -->
        <test-method signature="testPostpassword(java.lang.String)[pri:0, instance:api.test.UserTests3@43a09ce2]" started-at="2024-06-04T17:44:28 IST" name="testPostpassword" data-provider="empdateprovider" finished-at="2024-06-04T17:44:32 IST" duration-ms="4295" status="PASS">
          <params>
            <param index="0">
              <value>
                <![CDATA[https://tessolve.uat.netrum-tech.com/api/v1]]>
              </value>
            </param>
          </params>
          <reporter-output>
          </reporter-output>
        </test-method> <!-- testPostpassword -->
        <test-method signature="testPostpassword(java.lang.String)[pri:0, instance:api.test.UserTests3@43a09ce2]" started-at="2024-06-04T17:44:32 IST" name="testPostpassword" data-provider="empdateprovider" finished-at="2024-06-04T17:44:37 IST" duration-ms="4909" status="PASS">
          <params>
            <param index="0">
              <value>
                <![CDATA[https://minicivil.uat.netrum-tech.com/api/v1]]>
              </value>
            </param>
          </params>
          <reporter-output>
          </reporter-output>
        </test-method> <!-- testPostpassword -->
        <test-method signature="testresetpassword(java.lang.String)[pri:0, instance:api.test.UserTests3@43a09ce2]" started-at="2024-06-04T17:44:37 IST" name="testresetpassword" data-provider="empdateprovider" finished-at="2024-06-04T17:44:41 IST" duration-ms="4296" status="PASS">
          <params>
            <param index="0">
              <value>
                <![CDATA[https://exotel.uat.netrum-tech.com/api/v1]]>
              </value>
            </param>
          </params>
          <reporter-output>
          </reporter-output>
        </test-method> <!-- testresetpassword -->
        <test-method signature="testresetpassword(java.lang.String)[pri:0, instance:api.test.UserTests3@43a09ce2]" started-at="2024-06-04T17:44:41 IST" name="testresetpassword" data-provider="empdateprovider" finished-at="2024-06-04T17:44:46 IST" duration-ms="4298" status="PASS">
          <params>
            <param index="0">
              <value>
                <![CDATA[https://outsourcingbpo.uat.netrum-tech.com/api/v1]]>
              </value>
            </param>
          </params>
          <reporter-output>
          </reporter-output>
        </test-method> <!-- testresetpassword -->
        <test-method signature="testresetpassword(java.lang.String)[pri:0, instance:api.test.UserTests3@43a09ce2]" started-at="2024-06-04T17:44:46 IST" name="testresetpassword" data-provider="empdateprovider" finished-at="2024-06-04T17:44:51 IST" duration-ms="4873" status="PASS">
          <params>
            <param index="0">
              <value>
                <![CDATA[https://etek.uat.netrum-tech.com/api/v1]]>
              </value>
            </param>
          </params>
          <reporter-output>
          </reporter-output>
        </test-method> <!-- testresetpassword -->
        <test-method signature="testresetpassword(java.lang.String)[pri:0, instance:api.test.UserTests3@43a09ce2]" started-at="2024-06-04T17:44:51 IST" name="testresetpassword" data-provider="empdateprovider" finished-at="2024-06-04T17:44:55 IST" duration-ms="4333" status="PASS">
          <params>
            <param index="0">
              <value>
                <![CDATA[https://eteklab.uat.netrum-tech.com/api/v1]]>
              </value>
            </param>
          </params>
          <reporter-output>
          </reporter-output>
        </test-method> <!-- testresetpassword -->
        <test-method signature="testresetpassword(java.lang.String)[pri:0, instance:api.test.UserTests3@43a09ce2]" started-at="2024-06-04T17:44:55 IST" name="testresetpassword" data-provider="empdateprovider" finished-at="2024-06-04T17:44:59 IST" duration-ms="4298" status="PASS">
          <params>
            <param index="0">
              <value>
                <![CDATA[https://riopaila.uat.netrum-tech.com/api/v1]]>
              </value>
            </param>
          </params>
          <reporter-output>
          </reporter-output>
        </test-method> <!-- testresetpassword -->
        <test-method signature="testresetpassword(java.lang.String)[pri:0, instance:api.test.UserTests3@43a09ce2]" started-at="2024-06-04T17:44:59 IST" name="testresetpassword" data-provider="empdateprovider" finished-at="2024-06-04T17:45:04 IST" duration-ms="4913" status="PASS">
          <params>
            <param index="0">
              <value>
                <![CDATA[https://rockman.uat.netrum-tech.com/api/v1]]>
              </value>
            </param>
          </params>
          <reporter-output>
          </reporter-output>
        </test-method> <!-- testresetpassword -->
        <test-method signature="testresetpassword(java.lang.String)[pri:0, instance:api.test.UserTests3@43a09ce2]" started-at="2024-06-04T17:45:04 IST" name="testresetpassword" data-provider="empdateprovider" finished-at="2024-06-04T17:45:08 IST" duration-ms="4298" status="PASS">
          <params>
            <param index="0">
              <value>
                <![CDATA[https://netrum.uat.netrum-tech.com/api/v1]]>
              </value>
            </param>
          </params>
          <reporter-output>
          </reporter-output>
        </test-method> <!-- testresetpassword -->
        <test-method signature="testresetpassword(java.lang.String)[pri:0, instance:api.test.UserTests3@43a09ce2]" started-at="2024-06-04T17:45:08 IST" name="testresetpassword" data-provider="empdateprovider" finished-at="2024-06-04T17:45:13 IST" duration-ms="4913" status="PASS">
          <params>
            <param index="0">
              <value>
                <![CDATA[https://bancounion.uat.netrum-tech.com/api/v1]]>
              </value>
            </param>
          </params>
          <reporter-output>
          </reporter-output>
        </test-method> <!-- testresetpassword -->
        <test-method signature="testresetpassword(java.lang.String)[pri:0, instance:api.test.UserTests3@43a09ce2]" started-at="2024-06-04T17:45:13 IST" name="testresetpassword" data-provider="empdateprovider" finished-at="2024-06-04T17:45:17 IST" duration-ms="4219" status="PASS">
          <params>
            <param index="0">
              <value>
                <![CDATA[https://coasmedas.uat.netrum-tech.com/api/v1]]>
              </value>
            </param>
          </params>
          <reporter-output>
          </reporter-output>
        </test-method> <!-- testresetpassword -->
        <test-method signature="testresetpassword(java.lang.String)[pri:0, instance:api.test.UserTests3@43a09ce2]" started-at="2024-06-04T17:45:17 IST" name="testresetpassword" data-provider="empdateprovider" finished-at="2024-06-04T17:45:21 IST" duration-ms="3567" status="PASS">
          <params>
            <param index="0">
              <value>
                <![CDATA[https://gecelca.uat.netrum-tech.com/api/n1]]>
              </value>
            </param>
          </params>
          <reporter-output>
          </reporter-output>
        </test-method> <!-- testresetpassword -->
        <test-method signature="testresetpassword(java.lang.String)[pri:0, instance:api.test.UserTests3@43a09ce2]" started-at="2024-06-04T17:45:21 IST" name="testresetpassword" data-provider="empdateprovider" finished-at="2024-06-04T17:45:26 IST" duration-ms="4496" status="PASS">
          <params>
            <param index="0">
              <value>
                <![CDATA[https://segurosbolivar.uat.netrum-tech.com/api/v1]]>
              </value>
            </param>
          </params>
          <reporter-output>
          </reporter-output>
        </test-method> <!-- testresetpassword -->
        <test-method signature="testresetpassword(java.lang.String)[pri:0, instance:api.test.UserTests3@43a09ce2]" started-at="2024-06-04T17:45:26 IST" name="testresetpassword" data-provider="empdateprovider" finished-at="2024-06-04T17:45:30 IST" duration-ms="4907" status="PASS">
          <params>
            <param index="0">
              <value>
                <![CDATA[https://fanalca.uat.netrum-tech.com/api/v1]]>
              </value>
            </param>
          </params>
          <reporter-output>
          </reporter-output>
        </test-method> <!-- testresetpassword -->
        <test-method signature="testresetpassword(java.lang.String)[pri:0, instance:api.test.UserTests3@43a09ce2]" started-at="2024-06-04T17:45:30 IST" name="testresetpassword" data-provider="empdateprovider" finished-at="2024-06-04T17:45:35 IST" duration-ms="4172" status="PASS">
          <params>
            <param index="0">
              <value>
                <![CDATA[https://finesa.uat.netrum-tech.com/api/v1]]>
              </value>
            </param>
          </params>
          <reporter-output>
          </reporter-output>
        </test-method> <!-- testresetpassword -->
        <test-method signature="testresetpassword(java.lang.String)[pri:0, instance:api.test.UserTests3@43a09ce2]" started-at="2024-06-04T17:45:35 IST" name="testresetpassword" data-provider="empdateprovider" finished-at="2024-06-04T17:45:40 IST" duration-ms="5039" status="PASS">
          <params>
            <param index="0">
              <value>
                <![CDATA[https://coltefinanciera.uat.netrum-tech.com/api/v1]]>
              </value>
            </param>
          </params>
          <reporter-output>
          </reporter-output>
        </test-method> <!-- testresetpassword -->
        <test-method signature="testresetpassword(java.lang.String)[pri:0, instance:api.test.UserTests3@43a09ce2]" started-at="2024-06-04T17:45:40 IST" name="testresetpassword" data-provider="empdateprovider" finished-at="2024-06-04T17:45:43 IST" duration-ms="3585" status="PASS">
          <params>
            <param index="0">
              <value>
                <![CDATA[https://bnpparibas.uat.netrum-tech.com/api/v1]]>
              </value>
            </param>
          </params>
          <reporter-output>
          </reporter-output>
        </test-method> <!-- testresetpassword -->
        <test-method signature="testresetpassword(java.lang.String)[pri:0, instance:api.test.UserTests3@43a09ce2]" started-at="2024-06-04T17:45:43 IST" name="testresetpassword" data-provider="empdateprovider" finished-at="2024-06-04T17:45:48 IST" duration-ms="4398" status="PASS">
          <params>
            <param index="0">
              <value>
                <![CDATA[https://gentera.uat.netrum-tech.com/api/v1]]>
              </value>
            </param>
          </params>
          <reporter-output>
          </reporter-output>
        </test-method> <!-- testresetpassword -->
        <test-method signature="testresetpassword(java.lang.String)[pri:0, instance:api.test.UserTests3@43a09ce2]" started-at="2024-06-04T17:45:48 IST" name="testresetpassword" data-provider="empdateprovider" finished-at="2024-06-04T17:45:52 IST" duration-ms="4294" status="PASS">
          <params>
            <param index="0">
              <value>
                <![CDATA[https://tessolve.uat.netrum-tech.com/api/v1]]>
              </value>
            </param>
          </params>
          <reporter-output>
          </reporter-output>
        </test-method> <!-- testresetpassword -->
        <test-method signature="testresetpassword(java.lang.String)[pri:0, instance:api.test.UserTests3@43a09ce2]" started-at="2024-06-04T17:45:52 IST" name="testresetpassword" data-provider="empdateprovider" finished-at="2024-06-04T17:45:56 IST" duration-ms="3694" status="PASS">
          <params>
            <param index="0">
              <value>
                <![CDATA[https://minicivil.uat.netrum-tech.com/api/v1]]>
              </value>
            </param>
          </params>
          <reporter-output>
          </reporter-output>
        </test-method> <!-- testresetpassword -->
        <test-method is-config="true" signature="tearDown()[pri:0, instance:api.test.UserTests3@43a09ce2]" started-at="2024-06-04T17:45:56 IST" name="tearDown" finished-at="2024-06-04T17:45:56 IST" duration-ms="642" status="PASS">
          <reporter-output>
          </reporter-output>
        </test-method> <!-- tearDown -->
      </class> <!-- api.test.UserTests3 -->
    </test> <!-- Default test -->
  </suite> <!-- Default suite -->
</testng-results>
